Exported on 4/12/2026

Shucks! You lost 1 manual cookies. Your baking rate per click has decreased.
You have 10 coins available to spend
You need at least 1 manule cooky to start baking cookies.
You need at least 1 manule cooky to start baking cookies.
You need at least 1 manule cooky to start baking cookies.
You need at least 1 manule cooky to start baking cookies.
You need at least 1 manule cooky to start baking cookies.
You need at least 1 manule cooky to start baking cookies.
game reloaded
Lucky bake! You gained an extra 71 cookies!
Congratulations! You've successfully made it to rank 2! You've earned 100 coins for your achievement. Great work!
Nice! You gained 77 auto-cookies. Your auto baking rate has increased.
You produce 77 cookies per second.
Uh oh! A baking slump hit your kitchen hard, reducing your auto cookie production by 2 percent.
You produce 75 cookies per second.
Inspiration struck! Your hands found a new rhythm, boosting your manual cookie output by 1 percent per click.
You produce 2 cookies per press.
Inspiration struck! Your hands found a new rhythm, boosting your manual cookie output by 1 percent per click.
Dam! You lost 55 auto-cookies. Your auto-baking rate has been decreased.
Dam! You lost 20 auto-cookies. Your auto-baking rate has been decreased.
Dam! You lost 0 auto-cookies. Your auto-baking rate has been decreased.
Wonderful! You found a coin stash! You gained 91 coins.
Oh no! Something has slowed down your baking speed by 20 ms.
Nice! You gained 63 auto-cookies. Your auto baking rate has increased.
Shucks! You lost 3 manual cookies. Your baking rate per click has decreased.
You need at least 1 manule cooky to start baking cookies.
You need at least 1 manule cooky to start baking cookies.
You need at least 1 manule cooky to start baking cookies.
You need at least 1 manule cooky to start baking cookies.
You need at least 1 manule cooky to start baking cookies.
You need at least 1 manule cooky to start baking cookies.
You need at least 1 manule cooky to start baking cookies.
You need at least 1 manule cooky to start baking cookies.
You need at least 1 manule cooky to start baking cookies.
Continuing the game.
game reloaded
