Exported on 12/3/2024

Congratulations! You've successfully made it to rank 51! You've earned 12950 coins for your achievement. Great work!
Congratulations! You've successfully made it to rank 52! You've earned 13460 coins for your achievement. Great work!
Shucks! You lost some manual cookies. Your baking rate per click has decreased.
You need at least 1 manule cooky to start baking cookies.
You need at least 1 manule cooky to start baking cookies.
You need at least 1 manule cooky to start baking cookies.
You need at least 1 manule cooky to start baking cookies.
You need at least 1 manule cooky to start baking cookies.
You need at least 1 manule cooky to start baking cookies.
Extreme hunger has consequences! You lost some coins, auto cookies, manual cookies, and auto-cooky speed boosts.
You have240767coins available to spend
You ate too much! You feel sick, and now lost 5200 cookies as a penalty.
You are 0percent hungry.
You baked a total of 98645 cookies.
You ate too much! You feel sick, and now lost 5200 cookies as a penalty.
You ate too much! You feel sick, and now lost 5200 cookies as a penalty.
You ate too much! You feel sick, and now lost 5200 cookies as a penalty.
You ate too much! You feel sick, and now lost 5200 cookies as a penalty.
You ate too much! You feel sick, and now lost 5200 cookies as a penalty.
You ate too much! You feel sick, and now lost 5200 cookies as a penalty.
You ate too much! You feel sick, and now lost 5200 cookies as a penalty.
You ate too much! You feel sick, and now lost 5200 cookies as a penalty.
You ate too much! You feel sick, and now lost 5200 cookies as a penalty.
You ate too much! You feel sick, and now lost 5200 cookies as a penalty.
You ate too much! You feel sick, and now lost 5200 cookies as a penalty.
You ate too much! You feel sick, and now lost 5200 cookies as a penalty.
You ate too much! You feel sick, and now lost 5200 cookies as a penalty.
You ate too much! You feel sick, and now lost 5200 cookies as a penalty.
You ate too much! You feel sick, and now lost 5200 cookies as a penalty.
You ate too much! You feel sick, and now lost 5200 cookies as a penalty.
You ate too much! You feel sick, and now lost 5200 cookies as a penalty.
You baked a total of 10245 cookies.
You ate too much! You feel sick, and now lost 5200 cookies as a penalty.
You ate too much! You feel sick, and now lost 5045 cookies as a penalty.
There aren't enough cookies for you to eat.
you flip a coin. It lands on heads
Jackpot! You gained 936 cookies!
You ate too much! You feel sick, and now lost 936 cookies as a penalty.
you flip a coin. It lands on heads
Jackpot! You gained 832 cookies!
You ate too much! You feel sick, and now lost 832 cookies as a penalty.
you flip a coin. It lands on heads
Nice! You gained some manual cookies. You can now bake more cookies with each click.
You  produce208cookies per press.
you flip a coin. It lands on tails
Oops! You lost some manual cookies.
You  produce156cookies per press.
you flip a coin. It lands on tails
Uh-oh! Your hunger has increased. You should try to eat something.
You are 14percent hungry.
you flip a coin. It lands on heads
Jackpot! You gained 884 cookies!
you flip a coin. It lands on heads
Lucky flip! You gained 1092 coins.
You are 14percent hungry.
you flip a coin. It lands on tails
Oops! You lost some manual cookies.
you flip a coin. It lands on tails
Bad luck! You lost some auto-cookies.
you flip a coin. It lands on heads
Cool! Your baking speed has been increased slightly.
you flip a coin. It lands on heads
Great news! Your hunger has decreased. You're feeling more full.
you flip a coin. It lands on heads
Nice! You gained some manual cookies. You can now bake more cookies with each click.
you flip a coin. It lands on tails
Bad luck! You lost some auto-cookies.
you flip a coin. It lands on heads
Great news! Your hunger has decreased. You're feeling more full.
You are 0percent hungry.
you flip a coin. It lands on heads
Lucky flip! You gained 1248 coins.
you flip a coin. It lands on tails
Oops! You lost some manual cookies.
You  produce0cookies per press.
you flip a coin. It lands on tails
Oh dear! Something has slowed down your baking speed.
you flip a coin. It lands on tails
Oh no! You lost 884 cookies.
You  produce2484cookies per second.
You're feeling very full. No need to eat right now.
Baking mode enabled.
You can't flip a coin when you're in baking mode.
You can't manuely produce cookies when you're in baking mode.
Baking mode disabled.
you flip a coin. It lands on heads
Lucky flip! You gained some auto-cookies. Now your auto-baking rate has increased.
You  produce2588cookies per second.
you flip a coin. It lands on tails
Oops! You lost some manual cookies.
you flip a coin. It lands on heads
Lucky flip! You gained 884 coins.
you flip a coin. It lands on heads
Great news! Your hunger has decreased. You're feeling more full.
you flip a coin. It lands on heads
Lucky flip! You gained some auto-cookies. Now your auto-baking rate has increased.
you flip a coin. It lands on tails
Oh no! You lost 832 cookies.
you flip a coin. It lands on tails
Oh dear! Something has slowed down your baking speed.
you flip a coin. It lands on tails
Unfortunate flip! You lost 1508 coins.
you flip a coin. It lands on heads
Cool! Your baking speed has been increased slightly.
You  produce2848cookies every50milliseconds.
Baking mode enabled.
You baked a total of 89512 cookies.
Congratulations! You've successfully made it to rank 53! You've earned 13980 coins for your achievement. Great work!
Nice! You gained some auto-cookies. Your auto baking rate has increased.
Congratulations! You've successfully made it to rank 54! You've earned 14510 coins for your achievement. Great work!
Congratulations! You've successfully made it to rank 55! You've earned 15050 coins for your achievement. Great work!
Congratulations! You've successfully made it to rank 56! You've earned 15600 coins for your achievement. Great work!
Congratulations! You've successfully made it to rank 57! You've earned 16160 coins for your achievement. Great work!
Congratulations! You've successfully made it to rank 58! You've earned 16730 coins for your achievement. Great work!
Congratulations! You've successfully made it to rank 59! You've earned 17310 coins for your achievement. Great work!
Congratulations! You've successfully made it to rank 60! You've earned 17900 coins for your achievement. Great work!
Congratulations! You've successfully made it to rank 61! You've earned 18500 coins for your achievement. Great work!
Congratulations! You've successfully made it to rank 62! You've earned 19110 coins for your achievement. Great work!
Congratulations! You've successfully made it to rank 63! You've earned 19730 coins for your achievement. Great work!
Congratulations! You've successfully made it to rank 64! You've earned 20360 coins for your achievement. Great work!
Congratulations! You've successfully made it to rank 65! You've earned 21000 coins for your achievement. Great work!
Oh no! Something has slowed down your baking speed.
Congratulations! You've successfully made it to rank 66! You've earned 21650 coins for your achievement. Great work!
Congratulations! You've successfully made it to rank 67! You've earned 22310 coins for your achievement. Great work!
Baking mode disabled.
You're currently rank 67 with 174068 cookies. Your next rank requires 172 cookies.
You have512383coins available to spend
Baking mode enabled.
Congratulations! You've successfully made it to rank 68! You've earned 22980 coins for your achievement. Great work!
Congratulations! You've successfully made it to rank 69! You've earned 23660 coins for your achievement. Great work!
Baking mode disabled.
You  produce0cookies per press.
You have559023coins available to spend
You baked a total of 184838 cookies.
You're now entering the cooky store.
You have2407403coins available to spend
You  produce0cookies per press.
You  produce3590cookies per second.
you flip a coin. It lands on heads
Lucky flip! You gained some auto-cookies. Now your auto-baking rate has increased.
you flip a coin. It lands on tails
Uh-oh! Your hunger has increased. You should try to eat something.
You are 100percent hungry.
There aren't enough cookies for you to eat.
You need at least 1 manule cooky to start baking cookies.
Baking mode enabled.
Baking mode disabled.
You baked a total of 3659 cookies.
You are 100percent hungry.
You are 63percent hungry.
There aren't enough cookies for you to eat.
Baking mode enabled.
Baking mode disabled.
You baked a total of 3659 cookies.
You are 27percent hungry.
There aren't enough cookies for you to eat.
Baking mode enabled.
Baking mode disabled.
You ate too much! You feel sick, and now lost 3659 cookies as a penalty.
You are 0percent hungry.
you flip a coin. It lands on heads
Nice! You gained some manual cookies. You can now bake more cookies with each click.
You  produce345cookies per press.
Wonderful! You found a coin stash! You gained 4002 coins.
Great! You gained some manual cookies. You can now bake more cookies with each click.
Shucks! You lost some manual cookies. Your baking rate per click has decreased.
You  produce552cookies per press.
Oh no! A fire spark burned some of your cookies. You lost 12475 cookies.
Oh crap! Some coins fell out of your pocket! You lost 4899 coins.
Dam! You lost some auto-cookies. Your auto-baking rate has been decreased.
Oh no! Something has slowed down your baking speed.
Dam! You lost some auto-cookies. Your auto-baking rate has been decreased.
Great news! Your hunger has decreased. Enjoy  some cookies!
Congratulations! You've successfully made it to rank 70! You've earned 24350 coins for your achievement. Great work!
Congratulations! You've successfully made it to rank 71! You've earned 25050 coins for your achievement. Great work!
Dam! You lost some auto-cookies. Your auto-baking rate has been decreased.
Congratulations! You've successfully made it to rank 72! You've earned 25760 coins for your achievement. Great work!
Congratulations! You've successfully made it to rank 73! You've earned 26480 coins for your achievement. Great work!
Congratulations! You've successfully made it to rank 74! You've earned 27210 coins for your achievement. Great work!
Shucks! You lost some manual cookies. Your baking rate per click has decreased.
You need at least 1 manule cooky to start baking cookies.
You need at least 1 manule cooky to start baking cookies.
Exported on 12/17/2024

Congratulations! You've successfully made it to rank 51! You've earned 12950 coins for your achievement. Great work!
Congratulations! You've successfully made it to rank 52! You've earned 13460 coins for your achievement. Great work!
Congratulations! You've successfully made it to rank 53! You've earned 13980 coins for your achievement. Great work!
Congratulations! You've successfully made it to rank 54! You've earned 14510 coins for your achievement. Great work!
Congratulations! You've successfully made it to rank 55! You've earned 15050 coins for your achievement. Great work!
Shucks! You lost some manual cookies. Your baking rate per click has decreased.
You need at least 1 manule cooky to start baking cookies.
You need at least 1 manule cooky to start baking cookies.
You need at least 1 manule cooky to start baking cookies.
You need at least 1 manule cooky to start baking cookies.
Exported on 12/21/2024

Oh crap! Some coins fell out of your pocket! You lost 2550 coins.
You're currently rank 50 with 94550 cookies. Your next rank requires 1490 cookies.
The smell of cookies increased your hunger! Be careful.
Congratulations! You've successfully made it to rank 51! You've earned 12950 coins for your achievement. Great work!
Congratulations! You've successfully made it to rank 52! You've earned 13460 coins for your achievement. Great work!
Congratulations! You've successfully made it to rank 53! You've earned 13980 coins for your achievement. Great work!
Congratulations! You've successfully made it to rank 54! You've earned 14510 coins for your achievement. Great work!
Congratulations! You've successfully made it to rank 55! You've earned 15050 coins for your achievement. Great work!
Congratulations! You've successfully made it to rank 56! You've earned 15600 coins for your achievement. Great work!
Congratulations! You've successfully made it to rank 57! You've earned 16160 coins for your achievement. Great work!
Congratulations! You've successfully made it to rank 58! You've earned 16730 coins for your achievement. Great work!
Congratulations! You've successfully made it to rank 59! You've earned 17310 coins for your achievement. Great work!
Congratulations! You've successfully made it to rank 60! You've earned 17900 coins for your achievement. Great work!
Congratulations! You've successfully made it to rank 61! You've earned 18500 coins for your achievement. Great work!
Baking mode enabled.
The smell of cookies increased your hunger!
Congratulations! You've successfully made it to rank 62! You've earned 19110 coins for your achievement. Great work!
Baking mode disabled.
Extreme hunger has consequences! You lost some coins, auto cookies, manual cookies, and auto-cooky speed boosts.
You  produce2490cookies per second.
You  produce95cookies per press.
Nice! You gained some auto-cookies. Your auto baking rate has increased.
Congratulations! You've successfully made it to rank 63! You've earned 19730 coins for your achievement. Great work!
You  produce5094cookies per second.
Nice! You gained some auto-cookies. Your auto baking rate has increased.
Congratulations! You've successfully made it to rank 64! You've earned 20360 coins for your achievement. Great work!
You  produce95cookies per press.
game saved
You're currently rank 64 with 155085 cookies. Your next rank requires 3675 cookies.
Amazing! Your baking speed has increased. Cookies bake faster now.
You  produce7614cookies every529milliseconds.
You're starting to feel a little hungry. Maybe grab a snack soon.
You ate too much! You feel sick, and now lost 6400 cookies as a penalty.
You  produce7614cookies every529milliseconds.
You have443057coins available to spend
You're now entering the cooky store.
You baked a total of 0 cookies.
You have1951762coins available to spend
you flip a coin. It lands on tails
Uh-oh! Your hunger has increased. You should try to eat something.
You are 10percent hungry.
you flip a coin. It lands on tails
Unfortunate flip! You lost 1216 coins.
you flip a coin. It lands on heads
Great news! Your hunger has decreased. You're feeling more full.
You are 0percent hungry.
You have1950546coins available to spend
you flip a coin. It lands on tails
Oops! You lost some manual cookies.
you flip a coin. It lands on tails
Oh dear! Something has slowed down your baking speed.
you flip a coin. It lands on heads
Lucky flip! You gained some auto-cookies. Now your auto-baking rate has increased.
You  produce0cookies per press.
You  produce7934cookies per second.
you flip a coin. It lands on tails
Unfortunate flip! You lost 1152 coins.
There aren't enough cookies for you to eat.
There aren't enough cookies for you to eat.
There aren't enough cookies for you to eat.
There aren't enough cookies for you to eat.
There aren't enough cookies for you to eat.
There aren't enough cookies for you to eat.
There aren't enough cookies for you to eat.
You're feeling very full. No need to eat right now.
Baking mode enabled.
You're currently rank 64 with 15868 cookies. Your next rank requires 142892 cookies.
You baked a total of 63472 cookies.
You baked a total of 119010 cookies.
Congratulations! You've successfully made it to rank 65! You've earned 21000 coins for your achievement. Great work!
Congratulations! You've successfully made it to rank 66! You've earned 21650 coins for your achievement. Great work!
Baking mode disabled.
Baking mode enabled.
Congratulations! You've successfully made it to rank 67! You've earned 22310 coins for your achievement. Great work!
Congratulations! You've successfully made it to rank 68! You've earned 22980 coins for your achievement. Great work!
Congratulations! You've successfully made it to rank 69! You've earned 23660 coins for your achievement. Great work!
Congratulations! You've successfully made it to rank 70! You've earned 24350 coins for your achievement. Great work!
Congratulations! You've successfully made it to rank 71! You've earned 25050 coins for your achievement. Great work!
Congratulations! You've successfully made it to rank 72! You've earned 25760 coins for your achievement. Great work!
Baking mode disabled.
Baking mode enabled.
Congratulations! You've successfully made it to rank 73! You've earned 26480 coins for your achievement. Great work!
Congratulations! You've successfully made it to rank 74! You've earned 27210 coins for your achievement. Great work!
Congratulations! You've successfully made it to rank 75! You've earned 27950 coins for your achievement. Great work!
Congratulations! You've successfully made it to rank 76! You've earned 28700 coins for your achievement. Great work!
Congratulations! You've successfully made it to rank 77! You've earned 29460 coins for your achievement. Great work!
Congratulations! You've successfully made it to rank 78! You've earned 30230 coins for your achievement. Great work!
Congratulations! You've successfully made it to rank 79! You've earned 31010 coins for your achievement. Great work!
Congratulations! You've successfully made it to rank 80! You've earned 31800 coins for your achievement. Great work!
Congratulations! You've successfully made it to rank 81! You've earned 32600 coins for your achievement. Great work!
Congratulations! You've successfully made it to rank 82! You've earned 33410 coins for your achievement. Great work!
Congratulations! You've successfully made it to rank 83! You've earned 34230 coins for your achievement. Great work!
Congratulations! You've successfully made it to rank 84! You've earned 35060 coins for your achievement. Great work!
Congratulations! You've successfully made it to rank 85! You've earned 35900 coins for your achievement. Great work!
Congratulations! You've successfully made it to rank 86! You've earned 36750 coins for your achievement. Great work!
Congratulations! You've successfully made it to rank 87! You've earned 37610 coins for your achievement. Great work!
Congratulations! You've successfully made it to rank 88! You've earned 38480 coins for your achievement. Great work!
Congratulations! You've successfully made it to rank 89! You've earned 39360 coins for your achievement. Great work!
Congratulations! You've successfully made it to rank 90! You've earned 40250 coins for your achievement. Great work!
Congratulations! You've successfully made it to rank 91! You've earned 41150 coins for your achievement. Great work!
You can't manuely produce cookies when you're in baking mode.
Congratulations! You've successfully made it to rank 92! You've earned 42060 coins for your achievement. Great work!
Congratulations! You've successfully made it to rank 93! You've earned 42980 coins for your achievement. Great work!
Congratulations! You've successfully made it to rank 94! You've earned 43910 coins for your achievement. Great work!
Baking mode disabled.
You're currently rank 94 with 341162 cookies. Your next rank requires 4798 cookies.
You baked a total of 341162 cookies.
You are 100percent hungry.
You need at least 1 manule cooky to start baking cookies.
You need at least 1 manule cooky to start baking cookies.
You need at least 1 manule cooky to start baking cookies.
You need at least 1 manule cooky to start baking cookies.
You  produce0cookies per press.
you flip a coin. It lands on tails
Bad luck! You lost some auto-cookies.
You  produce7840cookies per second.
you flip a coin. It lands on heads
Lucky flip! You gained some auto-cookies. Now your auto-baking rate has increased.
game saved
You're now entering the cooky store.
You have217387coins available to spend
You baked a total of 343409 cookies.
Shucks! You lost some manual cookies. Your baking rate per click has decreased.
You need at least 1 manule cooky to start baking cookies.
You need at least 1 manule cooky to start baking cookies.
You need at least 1 manule cooky to start baking cookies.
You're now entering the cooky store.
You have96493coins available to spend
You baked a total of 0 cookies.
You baked a total of 110 cookies.
Lucky bake! You gained an extra 6768 cookies!
Lucky bake! You gained an extra 4982 cookies!
You baked a total of 17140 cookies.
You  produce110cookies per press.
The smell of cookies increased your hunger! Be careful.
Wonderful! You found a coin stash! You gained 4700 coins.
Oh crap! Some coins fell out of your pocket! You lost 6486 coins.
Shucks! You lost some manual cookies. Your baking rate per click has decreased.
You  produce0cookies per press.
You need at least 1 manule cooky to start baking cookies.
You baked a total of 25720 cookies.
You  produce7934cookies per second.
Baking mode enabled.
You baked a total of 152664 cookies.
game saved
You baked a total of 200268 cookies.
You can't flip a coin when you're in baking mode.
Oh no! Something has slowed down your baking speed.
You  produce7934cookies per second.
You baked a total of 319278 cookies.
Great news! Your hunger has decreased. Enjoy some cookies!
Congratulations! You've successfully made it to rank 95! You've earned 44850 coins for your achievement. Great work!
Congratulations! You've successfully made it to rank 96! You've earned 45800 coins for your achievement. Great work!
Congratulations! You've successfully made it to rank 97! You've earned 46760 coins for your achievement. Great work!
Congratulations! You've successfully made it to rank 98! You've earned 47730 coins for your achievement. Great work!
Congratulations! You've successfully made it to rank 99! You've earned 48710 coins for your achievement. Great work!
Congratulations! You've successfully made it to rank 100! You've earned 49700 coins for your achievement. Great work!
Congratulations! You've successfully made it to rank 101! You've earned 50700 coins for your achievement. Great work!
Congratulations! You've successfully made it to rank 102! You've earned 51710 coins for your achievement. Great work!
Congratulations! You've successfully made it to rank 103! You've earned 52730 coins for your achievement. Great work!
Congratulations! You've successfully made it to rank 104! You've earned 53760 coins for your achievement. Great work!
Congratulations! You've successfully made it to rank 105! You've earned 54800 coins for your achievement. Great work!
Congratulations! You've successfully made it to rank 106! You've earned 55850 coins for your achievement. Great work!
Congratulations! You've successfully made it to rank 107! You've earned 56910 coins for your achievement. Great work!
Congratulations! You've successfully made it to rank 108! You've earned 57980 coins for your achievement. Great work!
Congratulations! You've successfully made it to rank 109! You've earned 59060 coins for your achievement. Great work!
Congratulations! You've successfully made it to rank 110! You've earned 60150 coins for your achievement. Great work!
Congratulations! You've successfully made it to rank 111! You've earned 61250 coins for your achievement. Great work!
Congratulations! You've successfully made it to rank 112! You've earned 62360 coins for your achievement. Great work!
Congratulations! You've successfully made it to rank 113! You've earned 63480 coins for your achievement. Great work!
Congratulations! You've successfully made it to rank 114! You've earned 64610 coins for your achievement. Great work!
Congratulations! You've successfully made it to rank 115! You've earned 65750 coins for your achievement. Great work!
Congratulations! You've successfully made it to rank 116! You've earned 66900 coins for your achievement. Great work!
Congratulations! You've successfully made it to rank 117! You've earned 68060 coins for your achievement. Great work!
Congratulations! You've successfully made it to rank 118! You've earned 69230 coins for your achievement. Great work!
Congratulations! You've successfully made it to rank 119! You've earned 70410 coins for your achievement. Great work!
Congratulations! You've successfully made it to rank 120! You've earned 71600 coins for your achievement. Great work!
Congratulations! You've successfully made it to rank 121! You've earned 72800 coins for your achievement. Great work!
Congratulations! You've successfully made it to rank 122! You've earned 74010 coins for your achievement. Great work!
Congratulations! You've successfully made it to rank 123! You've earned 75230 coins for your achievement. Great work!
Congratulations! You've successfully made it to rank 124! You've earned 76460 coins for your achievement. Great work!
Congratulations! You've successfully made it to rank 125! You've earned 77700 coins for your achievement. Great work!
Congratulations! You've successfully made it to rank 126! You've earned 78950 coins for your achievement. Great work!
Congratulations! You've successfully made it to rank 127! You've earned 80210 coins for your achievement. Great work!
Congratulations! You've successfully made it to rank 128! You've earned 81480 coins for your achievement. Great work!
Congratulations! You've successfully made it to rank 129! You've earned 82760 coins for your achievement. Great work!
Congratulations! You've successfully made it to rank 130! You've earned 84050 coins for your achievement. Great work!
Congratulations! You've successfully made it to rank 131! You've earned 85350 coins for your achievement. Great work!
Congratulations! You've successfully made it to rank 132! You've earned 86660 coins for your achievement. Great work!
Congratulations! You've successfully made it to rank 133! You've earned 87980 coins for your achievement. Great work!
Congratulations! You've successfully made it to rank 134! You've earned 89310 coins for your achievement. Great work!
Congratulations! You've successfully made it to rank 135! You've earned 90650 coins for your achievement. Great work!
Congratulations! You've successfully made it to rank 136! You've earned 92000 coins for your achievement. Great work!
Congratulations! You've successfully made it to rank 137! You've earned 93360 coins for your achievement. Great work!
Congratulations! You've successfully made it to rank 138! You've earned 94730 coins for your achievement. Great work!
Congratulations! You've successfully made it to rank 139! You've earned 96110 coins for your achievement. Great work!
Congratulations! You've successfully made it to rank 140! You've earned 97500 coins for your achievement. Great work!
Congratulations! You've successfully made it to rank 141! You've earned 98900 coins for your achievement. Great work!
Congratulations! You've successfully made it to rank 142! You've earned 100310 coins for your achievement. Great work!
Congratulations! You've successfully made it to rank 143! You've earned 101730 coins for your achievement. Great work!
Congratulations! You've successfully made it to rank 144! You've earned 103160 coins for your achievement. Great work!
Shucks! You lost some manual cookies. Your baking rate per click has decreased.
Congratulations! You've successfully made it to rank 145! You've earned 104600 coins for your achievement. Great work!
Congratulations! You've successfully made it to rank 146! You've earned 106050 coins for your achievement. Great work!
Congratulations! You've successfully made it to rank 147! You've earned 107510 coins for your achievement. Great work!
You  produce7934cookies per second.
Congratulations! You've successfully made it to rank 148! You've earned 108980 coins for your achievement. Great work!
Congratulations! You've successfully made it to rank 149! You've earned 110460 coins for your achievement. Great work!
Congratulations! You've successfully made it to rank 150! You've earned 111950 coins for your achievement. Great work!
Congratulations! You've successfully made it to rank 151! You've earned 113450 coins for your achievement. Great work!
You  produce7934cookies per second.
Congratulations! You've successfully made it to rank 152! You've earned 114960 coins for your achievement. Great work!
Congratulations! You've successfully made it to rank 153! You've earned 116480 coins for your achievement. Great work!
Congratulations! You've successfully made it to rank 154! You've earned 118010 coins for your achievement. Great work!
Congratulations! You've successfully made it to rank 155! You've earned 119550 coins for your achievement. Great work!
Congratulations! You've successfully made it to rank 156! You've earned 121100 coins for your achievement. Great work!
Congratulations! You've successfully made it to rank 157! You've earned 122660 coins for your achievement. Great work!
Congratulations! You've successfully made it to rank 158! You've earned 124230 coins for your achievement. Great work!
Extreme hunger has consequences! You lost some coins, auto cookies, manual cookies, and auto-cooky speed boosts.
Congratulations! You've successfully made it to rank 159! You've earned 125810 coins for your achievement. Great work!
You're starting to feel a little hungry. Maybe grab a snack soon.
You're starting to feel a little hungry. Maybe grab a snack soon.
Congratulations! You've successfully made it to rank 160! You've earned 127400 coins for your achievement. Great work!
Dam! You lost some auto-cookies. Your auto-baking rate has been decreased.
Congratulations! You've successfully made it to rank 161! You've earned 129000 coins for your achievement. Great work!
You're feeling pretty hungry. You might want to eat something.
Congratulations! You've successfully made it to rank 162! You've earned 130610 coins for your achievement. Great work!
You're feeling pretty hungry. You might want to eat something.
Congratulations! You've successfully made it to rank 163! You've earned 132230 coins for your achievement. Great work!
You're extremely hungry! You need to eat now.
You're extremely hungry! You need to eat now.
You're extremely hungry! You need to eat now.
You're extremely hungry! You need to eat now.
You're extremely hungry! You need to eat now.
You're extremely hungry! You need to eat now.
You're extremely hungry! You need to eat now.
You're extremely hungry! You need to eat now.
You're extremely hungry! You need to eat now.
You're extremely hungry! You need to eat now.
You're extremely hungry! You need to eat now.
You're extremely hungry! You need to eat now.
You're extremely hungry! You need to eat now.
You're extremely hungry! You need to eat now.
You're extremely hungry! You need to eat now.
You're extremely hungry! You need to eat now.
You're extremely hungry! You need to eat now.
Great news! Your hunger has decreased. Enjoy some cookies!
You're feeling very full. No need to eat right now.
You're feeling very full. No need to eat right now.
You're feeling very full. No need to eat right now.
You're feeling very full. No need to eat right now.
You're feeling very full. No need to eat right now.
You're feeling very full. No need to eat right now.
You're feeling very full. No need to eat right now.
You're feeling very full. No need to eat right now.
You're feeling very full. No need to eat right now.
You're feeling very full. No need to eat right now.
You're feeling very full. No need to eat right now.
You're feeling very full. No need to eat right now.
You're feeling very full. No need to eat right now.
You're feeling very full. No need to eat right now.
You're feeling very full. No need to eat right now.
You're feeling very full. No need to eat right now.
You're feeling very full. No need to eat right now.
You're feeling very full. No need to eat right now.
You're feeling very full. No need to eat right now.
You're feeling very full. No need to eat right now.
You're feeling very full. No need to eat right now.
You're feeling very full. No need to eat right now.
You're feeling very full. No need to eat right now.
Congratulations! You've successfully made it to rank 164! You've earned 133860 coins for your achievement. Great work!
You're starting to feel a little hungry. Maybe grab a snack soon.
You're starting to feel a little hungry. Maybe grab a snack soon.
You're starting to feel a little hungry. Maybe grab a snack soon.
You're starting to feel a little hungry. Maybe grab a snack soon.
You're starting to feel a little hungry. Maybe grab a snack soon.
You're starting to feel a little hungry. Maybe grab a snack soon.
You're starting to feel a little hungry. Maybe grab a snack soon.
You're starting to feel a little hungry. Maybe grab a snack soon.
You're starting to feel a little hungry. Maybe grab a snack soon.
You're starting to feel a little hungry. Maybe grab a snack soon.
You're starting to feel a little hungry. Maybe grab a snack soon.
You're starting to feel a little hungry. Maybe grab a snack soon.
You're starting to feel a little hungry. Maybe grab a snack soon.
You're starting to feel a little hungry. Maybe grab a snack soon.
You're starting to feel a little hungry. Maybe grab a snack soon.
You're starting to feel a little hungry. Maybe grab a snack soon.
You're starting to feel a little hungry. Maybe grab a snack soon.
You're starting to feel a little hungry. Maybe grab a snack soon.
You're starting to feel a little hungry. Maybe grab a snack soon.
You're starting to feel a little hungry. Maybe grab a snack soon.
You're starting to feel a little hungry. Maybe grab a snack soon.
You're starting to feel a little hungry. Maybe grab a snack soon.
You're starting to feel a little hungry. Maybe grab a snack soon.
You're starting to feel a little hungry. Maybe grab a snack soon.
You're starting to feel a little hungry. Maybe grab a snack soon.
You're starting to feel a little hungry. Maybe grab a snack soon.
You're starting to feel a little hungry. Maybe grab a snack soon.
You're starting to feel a little hungry. Maybe grab a snack soon.
You're starting to feel a little hungry. Maybe grab a snack soon.
You're starting to feel a little hungry. Maybe grab a snack soon.
You're starting to feel a little hungry. Maybe grab a snack soon.
You're starting to feel a little hungry. Maybe grab a snack soon.
You're starting to feel a little hungry. Maybe grab a snack soon.
You're starting to feel a little hungry. Maybe grab a snack soon.
You're starting to feel a little hungry. Maybe grab a snack soon.
Congratulations! You've successfully made it to rank 165! You've earned 135500 coins for your achievement. Great work!
You  produce1566cookies per second.
You're currently rank 165 with 1068178 cookies. Your next rank requires 7662 cookies.
game saved
Congratulations! You've successfully made it to rank 166! You've earned 137150 coins for your achievement. Great work!
Baking mode disabled.
You need at least 1 manule cooky to start baking cookies.
You  produce0cookies per press.
You're feeling pretty hungry. You might want to eat something.
You are 49percent hungry.
You ate too much! You feel sick, and now lost 16600 cookies as a penalty.
