Exported on 12/3/2024

Congratulations! You've successfully made it to rank 51! You've earned 12950 coins for your achievement. Great work!
Congratulations! You've successfully made it to rank 52! You've earned 13460 coins for your achievement. Great work!
Extreme hunger has consequences! You lost some coins, auto cookies, manual cookies, and auto-cooky speed boosts.
You ate too much! You feel sick, and now lost 5200 cookies as a penalty.
You ate too much! You feel sick, and now lost 5200 cookies as a penalty.
You ate too much! You feel sick, and now lost 5200 cookies as a penalty.
You ate too much! You feel sick, and now lost 5200 cookies as a penalty.
You ate too much! You feel sick, and now lost 5200 cookies as a penalty.
You ate too much! You feel sick, and now lost 5200 cookies as a penalty.
You ate too much! You feel sick, and now lost 5200 cookies as a penalty.
You ate too much! You feel sick, and now lost 5200 cookies as a penalty.
You ate too much! You feel sick, and now lost 5200 cookies as a penalty.
You ate too much! You feel sick, and now lost 5200 cookies as a penalty.
You ate too much! You feel sick, and now lost 5200 cookies as a penalty.
You ate too much! You feel sick, and now lost 5200 cookies as a penalty.
You ate too much! You feel sick, and now lost 5200 cookies as a penalty.
You ate too much! You feel sick, and now lost 5200 cookies as a penalty.
You ate too much! You feel sick, and now lost 5200 cookies as a penalty.
You ate too much! You feel sick, and now lost 5200 cookies as a penalty.
You ate too much! You feel sick, and now lost 5200 cookies as a penalty.
You ate too much! You feel sick, and now lost 5200 cookies as a penalty.
You ate too much! You feel sick, and now lost 5200 cookies as a penalty.
You ate too much! You feel sick, and now lost 5045 cookies as a penalty.
You ate too much! You feel sick, and now lost 936 cookies as a penalty.
You ate too much! You feel sick, and now lost 832 cookies as a penalty.
Congratulations! You've successfully made it to rank 53! You've earned 13980 coins for your achievement. Great work!
Congratulations! You've successfully made it to rank 54! You've earned 14510 coins for your achievement. Great work!
Congratulations! You've successfully made it to rank 55! You've earned 15050 coins for your achievement. Great work!
Congratulations! You've successfully made it to rank 56! You've earned 15600 coins for your achievement. Great work!
Congratulations! You've successfully made it to rank 57! You've earned 16160 coins for your achievement. Great work!
Congratulations! You've successfully made it to rank 58! You've earned 16730 coins for your achievement. Great work!
Congratulations! You've successfully made it to rank 59! You've earned 17310 coins for your achievement. Great work!
Congratulations! You've successfully made it to rank 60! You've earned 17900 coins for your achievement. Great work!
Congratulations! You've successfully made it to rank 61! You've earned 18500 coins for your achievement. Great work!
Congratulations! You've successfully made it to rank 62! You've earned 19110 coins for your achievement. Great work!
Congratulations! You've successfully made it to rank 63! You've earned 19730 coins for your achievement. Great work!
Congratulations! You've successfully made it to rank 64! You've earned 20360 coins for your achievement. Great work!
Congratulations! You've successfully made it to rank 65! You've earned 21000 coins for your achievement. Great work!
Congratulations! You've successfully made it to rank 66! You've earned 21650 coins for your achievement. Great work!
Congratulations! You've successfully made it to rank 67! You've earned 22310 coins for your achievement. Great work!
Congratulations! You've successfully made it to rank 68! You've earned 22980 coins for your achievement. Great work!
Congratulations! You've successfully made it to rank 69! You've earned 23660 coins for your achievement. Great work!
You're now entering the cooky store.
You ate too much! You feel sick, and now lost 3659 cookies as a penalty.
Congratulations! You've successfully made it to rank 70! You've earned 24350 coins for your achievement. Great work!
Congratulations! You've successfully made it to rank 71! You've earned 25050 coins for your achievement. Great work!
Congratulations! You've successfully made it to rank 72! You've earned 25760 coins for your achievement. Great work!
Congratulations! You've successfully made it to rank 73! You've earned 26480 coins for your achievement. Great work!
Congratulations! You've successfully made it to rank 74! You've earned 27210 coins for your achievement. Great work!
Exported on 12/17/2024

Congratulations! You've successfully made it to rank 51! You've earned 12950 coins for your achievement. Great work!
Congratulations! You've successfully made it to rank 52! You've earned 13460 coins for your achievement. Great work!
Congratulations! You've successfully made it to rank 53! You've earned 13980 coins for your achievement. Great work!
Congratulations! You've successfully made it to rank 54! You've earned 14510 coins for your achievement. Great work!
Congratulations! You've successfully made it to rank 55! You've earned 15050 coins for your achievement. Great work!
Exported on 12/21/2024

Congratulations! You've successfully made it to rank 51! You've earned 12950 coins for your achievement. Great work!
Congratulations! You've successfully made it to rank 52! You've earned 13460 coins for your achievement. Great work!
Congratulations! You've successfully made it to rank 53! You've earned 13980 coins for your achievement. Great work!
Congratulations! You've successfully made it to rank 54! You've earned 14510 coins for your achievement. Great work!
Congratulations! You've successfully made it to rank 55! You've earned 15050 coins for your achievement. Great work!
Congratulations! You've successfully made it to rank 56! You've earned 15600 coins for your achievement. Great work!
Congratulations! You've successfully made it to rank 57! You've earned 16160 coins for your achievement. Great work!
Congratulations! You've successfully made it to rank 58! You've earned 16730 coins for your achievement. Great work!
Congratulations! You've successfully made it to rank 59! You've earned 17310 coins for your achievement. Great work!
Congratulations! You've successfully made it to rank 60! You've earned 17900 coins for your achievement. Great work!
Congratulations! You've successfully made it to rank 61! You've earned 18500 coins for your achievement. Great work!
Congratulations! You've successfully made it to rank 62! You've earned 19110 coins for your achievement. Great work!
Extreme hunger has consequences! You lost some coins, auto cookies, manual cookies, and auto-cooky speed boosts.
Congratulations! You've successfully made it to rank 63! You've earned 19730 coins for your achievement. Great work!
Congratulations! You've successfully made it to rank 64! You've earned 20360 coins for your achievement. Great work!
You ate too much! You feel sick, and now lost 6400 cookies as a penalty.
You're now entering the cooky store.
Congratulations! You've successfully made it to rank 65! You've earned 21000 coins for your achievement. Great work!
Congratulations! You've successfully made it to rank 66! You've earned 21650 coins for your achievement. Great work!
Congratulations! You've successfully made it to rank 67! You've earned 22310 coins for your achievement. Great work!
Congratulations! You've successfully made it to rank 68! You've earned 22980 coins for your achievement. Great work!
Congratulations! You've successfully made it to rank 69! You've earned 23660 coins for your achievement. Great work!
Congratulations! You've successfully made it to rank 70! You've earned 24350 coins for your achievement. Great work!
Congratulations! You've successfully made it to rank 71! You've earned 25050 coins for your achievement. Great work!
Congratulations! You've successfully made it to rank 72! You've earned 25760 coins for your achievement. Great work!
Congratulations! You've successfully made it to rank 73! You've earned 26480 coins for your achievement. Great work!
Congratulations! You've successfully made it to rank 74! You've earned 27210 coins for your achievement. Great work!
Congratulations! You've successfully made it to rank 75! You've earned 27950 coins for your achievement. Great work!
Congratulations! You've successfully made it to rank 76! You've earned 28700 coins for your achievement. Great work!
Congratulations! You've successfully made it to rank 77! You've earned 29460 coins for your achievement. Great work!
Congratulations! You've successfully made it to rank 78! You've earned 30230 coins for your achievement. Great work!
Congratulations! You've successfully made it to rank 79! You've earned 31010 coins for your achievement. Great work!
Congratulations! You've successfully made it to rank 80! You've earned 31800 coins for your achievement. Great work!
Congratulations! You've successfully made it to rank 81! You've earned 32600 coins for your achievement. Great work!
Congratulations! You've successfully made it to rank 82! You've earned 33410 coins for your achievement. Great work!
Congratulations! You've successfully made it to rank 83! You've earned 34230 coins for your achievement. Great work!
Congratulations! You've successfully made it to rank 84! You've earned 35060 coins for your achievement. Great work!
Congratulations! You've successfully made it to rank 85! You've earned 35900 coins for your achievement. Great work!
Congratulations! You've successfully made it to rank 86! You've earned 36750 coins for your achievement. Great work!
Congratulations! You've successfully made it to rank 87! You've earned 37610 coins for your achievement. Great work!
Congratulations! You've successfully made it to rank 88! You've earned 38480 coins for your achievement. Great work!
Congratulations! You've successfully made it to rank 89! You've earned 39360 coins for your achievement. Great work!
Congratulations! You've successfully made it to rank 90! You've earned 40250 coins for your achievement. Great work!
Congratulations! You've successfully made it to rank 91! You've earned 41150 coins for your achievement. Great work!
Congratulations! You've successfully made it to rank 92! You've earned 42060 coins for your achievement. Great work!
Congratulations! You've successfully made it to rank 93! You've earned 42980 coins for your achievement. Great work!
Congratulations! You've successfully made it to rank 94! You've earned 43910 coins for your achievement. Great work!
You're now entering the cooky store.
You're now entering the cooky store.
Congratulations! You've successfully made it to rank 95! You've earned 44850 coins for your achievement. Great work!
Congratulations! You've successfully made it to rank 96! You've earned 45800 coins for your achievement. Great work!
Congratulations! You've successfully made it to rank 97! You've earned 46760 coins for your achievement. Great work!
Congratulations! You've successfully made it to rank 98! You've earned 47730 coins for your achievement. Great work!
Congratulations! You've successfully made it to rank 99! You've earned 48710 coins for your achievement. Great work!
Congratulations! You've successfully made it to rank 100! You've earned 49700 coins for your achievement. Great work!
Congratulations! You've successfully made it to rank 101! You've earned 50700 coins for your achievement. Great work!
Congratulations! You've successfully made it to rank 102! You've earned 51710 coins for your achievement. Great work!
Congratulations! You've successfully made it to rank 103! You've earned 52730 coins for your achievement. Great work!
Congratulations! You've successfully made it to rank 104! You've earned 53760 coins for your achievement. Great work!
Congratulations! You've successfully made it to rank 105! You've earned 54800 coins for your achievement. Great work!
Congratulations! You've successfully made it to rank 106! You've earned 55850 coins for your achievement. Great work!
Congratulations! You've successfully made it to rank 107! You've earned 56910 coins for your achievement. Great work!
Congratulations! You've successfully made it to rank 108! You've earned 57980 coins for your achievement. Great work!
Congratulations! You've successfully made it to rank 109! You've earned 59060 coins for your achievement. Great work!
Congratulations! You've successfully made it to rank 110! You've earned 60150 coins for your achievement. Great work!
Congratulations! You've successfully made it to rank 111! You've earned 61250 coins for your achievement. Great work!
Congratulations! You've successfully made it to rank 112! You've earned 62360 coins for your achievement. Great work!
Congratulations! You've successfully made it to rank 113! You've earned 63480 coins for your achievement. Great work!
Congratulations! You've successfully made it to rank 114! You've earned 64610 coins for your achievement. Great work!
Congratulations! You've successfully made it to rank 115! You've earned 65750 coins for your achievement. Great work!
Congratulations! You've successfully made it to rank 116! You've earned 66900 coins for your achievement. Great work!
Congratulations! You've successfully made it to rank 117! You've earned 68060 coins for your achievement. Great work!
Congratulations! You've successfully made it to rank 118! You've earned 69230 coins for your achievement. Great work!
Congratulations! You've successfully made it to rank 119! You've earned 70410 coins for your achievement. Great work!
Congratulations! You've successfully made it to rank 120! You've earned 71600 coins for your achievement. Great work!
Congratulations! You've successfully made it to rank 121! You've earned 72800 coins for your achievement. Great work!
Congratulations! You've successfully made it to rank 122! You've earned 74010 coins for your achievement. Great work!
Congratulations! You've successfully made it to rank 123! You've earned 75230 coins for your achievement. Great work!
Congratulations! You've successfully made it to rank 124! You've earned 76460 coins for your achievement. Great work!
Congratulations! You've successfully made it to rank 125! You've earned 77700 coins for your achievement. Great work!
Congratulations! You've successfully made it to rank 126! You've earned 78950 coins for your achievement. Great work!
Congratulations! You've successfully made it to rank 127! You've earned 80210 coins for your achievement. Great work!
Congratulations! You've successfully made it to rank 128! You've earned 81480 coins for your achievement. Great work!
Congratulations! You've successfully made it to rank 129! You've earned 82760 coins for your achievement. Great work!
Congratulations! You've successfully made it to rank 130! You've earned 84050 coins for your achievement. Great work!
Congratulations! You've successfully made it to rank 131! You've earned 85350 coins for your achievement. Great work!
Congratulations! You've successfully made it to rank 132! You've earned 86660 coins for your achievement. Great work!
Congratulations! You've successfully made it to rank 133! You've earned 87980 coins for your achievement. Great work!
Congratulations! You've successfully made it to rank 134! You've earned 89310 coins for your achievement. Great work!
Congratulations! You've successfully made it to rank 135! You've earned 90650 coins for your achievement. Great work!
Congratulations! You've successfully made it to rank 136! You've earned 92000 coins for your achievement. Great work!
Congratulations! You've successfully made it to rank 137! You've earned 93360 coins for your achievement. Great work!
Congratulations! You've successfully made it to rank 138! You've earned 94730 coins for your achievement. Great work!
Congratulations! You've successfully made it to rank 139! You've earned 96110 coins for your achievement. Great work!
Congratulations! You've successfully made it to rank 140! You've earned 97500 coins for your achievement. Great work!
Congratulations! You've successfully made it to rank 141! You've earned 98900 coins for your achievement. Great work!
Congratulations! You've successfully made it to rank 142! You've earned 100310 coins for your achievement. Great work!
Congratulations! You've successfully made it to rank 143! You've earned 101730 coins for your achievement. Great work!
Congratulations! You've successfully made it to rank 144! You've earned 103160 coins for your achievement. Great work!
Congratulations! You've successfully made it to rank 145! You've earned 104600 coins for your achievement. Great work!
Congratulations! You've successfully made it to rank 146! You've earned 106050 coins for your achievement. Great work!
Congratulations! You've successfully made it to rank 147! You've earned 107510 coins for your achievement. Great work!
Congratulations! You've successfully made it to rank 148! You've earned 108980 coins for your achievement. Great work!
Congratulations! You've successfully made it to rank 149! You've earned 110460 coins for your achievement. Great work!
Congratulations! You've successfully made it to rank 150! You've earned 111950 coins for your achievement. Great work!
Congratulations! You've successfully made it to rank 151! You've earned 113450 coins for your achievement. Great work!
Congratulations! You've successfully made it to rank 152! You've earned 114960 coins for your achievement. Great work!
Congratulations! You've successfully made it to rank 153! You've earned 116480 coins for your achievement. Great work!
Congratulations! You've successfully made it to rank 154! You've earned 118010 coins for your achievement. Great work!
Congratulations! You've successfully made it to rank 155! You've earned 119550 coins for your achievement. Great work!
Congratulations! You've successfully made it to rank 156! You've earned 121100 coins for your achievement. Great work!
Congratulations! You've successfully made it to rank 157! You've earned 122660 coins for your achievement. Great work!
Congratulations! You've successfully made it to rank 158! You've earned 124230 coins for your achievement. Great work!
Extreme hunger has consequences! You lost some coins, auto cookies, manual cookies, and auto-cooky speed boosts.
Congratulations! You've successfully made it to rank 159! You've earned 125810 coins for your achievement. Great work!
Congratulations! You've successfully made it to rank 160! You've earned 127400 coins for your achievement. Great work!
Congratulations! You've successfully made it to rank 161! You've earned 129000 coins for your achievement. Great work!
Congratulations! You've successfully made it to rank 162! You've earned 130610 coins for your achievement. Great work!
Congratulations! You've successfully made it to rank 163! You've earned 132230 coins for your achievement. Great work!
You're extremely hungry! You need to eat now.
You're extremely hungry! You need to eat now.
You're extremely hungry! You need to eat now.
You're extremely hungry! You need to eat now.
You're extremely hungry! You need to eat now.
You're extremely hungry! You need to eat now.
You're extremely hungry! You need to eat now.
You're extremely hungry! You need to eat now.
You're extremely hungry! You need to eat now.
You're extremely hungry! You need to eat now.
You're extremely hungry! You need to eat now.
You're extremely hungry! You need to eat now.
You're extremely hungry! You need to eat now.
You're extremely hungry! You need to eat now.
You're extremely hungry! You need to eat now.
You're extremely hungry! You need to eat now.
You're extremely hungry! You need to eat now.
Congratulations! You've successfully made it to rank 164! You've earned 133860 coins for your achievement. Great work!
Congratulations! You've successfully made it to rank 165! You've earned 135500 coins for your achievement. Great work!
Congratulations! You've successfully made it to rank 166! You've earned 137150 coins for your achievement. Great work!
You ate too much! You feel sick, and now lost 16600 cookies as a penalty.
