Exported on 12/3/2024

Shucks! You lost some manual cookies. Your baking rate per click has decreased.
Jackpot! You gained 936 cookies!
Jackpot! You gained 832 cookies!
Nice! You gained some manual cookies. You can now bake more cookies with each click.
Oops! You lost some manual cookies.
Uh-oh! Your hunger has increased. You should try to eat something.
Jackpot! You gained 884 cookies!
Lucky flip! You gained 1092 coins.
Oops! You lost some manual cookies.
Bad luck! You lost some auto-cookies.
Cool! Your baking speed has been increased slightly.
Great news! Your hunger has decreased. You're feeling more full.
Nice! You gained some manual cookies. You can now bake more cookies with each click.
Bad luck! You lost some auto-cookies.
Great news! Your hunger has decreased. You're feeling more full.
Lucky flip! You gained 1248 coins.
Oops! You lost some manual cookies.
Oh dear! Something has slowed down your baking speed.
Oh no! You lost 884 cookies.
Lucky flip! You gained some auto-cookies. Now your auto-baking rate has increased.
Oops! You lost some manual cookies.
Lucky flip! You gained 884 coins.
Great news! Your hunger has decreased. You're feeling more full.
Lucky flip! You gained some auto-cookies. Now your auto-baking rate has increased.
Oh no! You lost 832 cookies.
Oh dear! Something has slowed down your baking speed.
Unfortunate flip! You lost 1508 coins.
Cool! Your baking speed has been increased slightly.
Nice! You gained some auto-cookies. Your auto baking rate has increased.
Oh no! Something has slowed down your baking speed.
Lucky flip! You gained some auto-cookies. Now your auto-baking rate has increased.
Uh-oh! Your hunger has increased. You should try to eat something.
Nice! You gained some manual cookies. You can now bake more cookies with each click.
Wonderful! You found a coin stash! You gained 4002 coins.
Great! You gained some manual cookies. You can now bake more cookies with each click.
Shucks! You lost some manual cookies. Your baking rate per click has decreased.
Oh no! A fire spark burned some of your cookies. You lost 12475 cookies.
Oh crap! Some coins fell out of your pocket! You lost 4899 coins.
Dam! You lost some auto-cookies. Your auto-baking rate has been decreased.
Oh no! Something has slowed down your baking speed.
Dam! You lost some auto-cookies. Your auto-baking rate has been decreased.
Great news! Your hunger has decreased. Enjoy  some cookies!
Dam! You lost some auto-cookies. Your auto-baking rate has been decreased.
Shucks! You lost some manual cookies. Your baking rate per click has decreased.
Exported on 12/17/2024

Shucks! You lost some manual cookies. Your baking rate per click has decreased.
Exported on 12/21/2024

Oh crap! Some coins fell out of your pocket! You lost 2550 coins.
The smell of cookies increased your hunger! Be careful.
The smell of cookies increased your hunger!
Nice! You gained some auto-cookies. Your auto baking rate has increased.
Nice! You gained some auto-cookies. Your auto baking rate has increased.
Amazing! Your baking speed has increased. Cookies bake faster now.
Uh-oh! Your hunger has increased. You should try to eat something.
Unfortunate flip! You lost 1216 coins.
Great news! Your hunger has decreased. You're feeling more full.
Oops! You lost some manual cookies.
Oh dear! Something has slowed down your baking speed.
Lucky flip! You gained some auto-cookies. Now your auto-baking rate has increased.
Unfortunate flip! You lost 1152 coins.
Bad luck! You lost some auto-cookies.
Lucky flip! You gained some auto-cookies. Now your auto-baking rate has increased.
Shucks! You lost some manual cookies. Your baking rate per click has decreased.
Lucky bake! You gained an extra 6768 cookies!
Lucky bake! You gained an extra 4982 cookies!
The smell of cookies increased your hunger! Be careful.
Wonderful! You found a coin stash! You gained 4700 coins.
Oh crap! Some coins fell out of your pocket! You lost 6486 coins.
Shucks! You lost some manual cookies. Your baking rate per click has decreased.
Oh no! Something has slowed down your baking speed.
Great news! Your hunger has decreased. Enjoy some cookies!
Shucks! You lost some manual cookies. Your baking rate per click has decreased.
Dam! You lost some auto-cookies. Your auto-baking rate has been decreased.
Great news! Your hunger has decreased. Enjoy some cookies!
