Exported on 12/3/2024

You need at least 1 manule cooky to start baking cookies.
You need at least 1 manule cooky to start baking cookies.
You need at least 1 manule cooky to start baking cookies.
You need at least 1 manule cooky to start baking cookies.
You need at least 1 manule cooky to start baking cookies.
You need at least 1 manule cooky to start baking cookies.
There aren't enough cookies for you to eat.
You're feeling very full. No need to eat right now.
You can't flip a coin when you're in baking mode.
You can't manuely produce cookies when you're in baking mode.
There aren't enough cookies for you to eat.
You need at least 1 manule cooky to start baking cookies.
There aren't enough cookies for you to eat.
There aren't enough cookies for you to eat.
You need at least 1 manule cooky to start baking cookies.
You need at least 1 manule cooky to start baking cookies.
Exported on 12/17/2024

You need at least 1 manule cooky to start baking cookies.
You need at least 1 manule cooky to start baking cookies.
You need at least 1 manule cooky to start baking cookies.
You need at least 1 manule cooky to start baking cookies.
Exported on 12/21/2024

You're starting to feel a little hungry. Maybe grab a snack soon.
There aren't enough cookies for you to eat.
There aren't enough cookies for you to eat.
There aren't enough cookies for you to eat.
There aren't enough cookies for you to eat.
There aren't enough cookies for you to eat.
There aren't enough cookies for you to eat.
There aren't enough cookies for you to eat.
You're feeling very full. No need to eat right now.
You can't manuely produce cookies when you're in baking mode.
You need at least 1 manule cooky to start baking cookies.
You need at least 1 manule cooky to start baking cookies.
You need at least 1 manule cooky to start baking cookies.
You need at least 1 manule cooky to start baking cookies.
You need at least 1 manule cooky to start baking cookies.
You need at least 1 manule cooky to start baking cookies.
You need at least 1 manule cooky to start baking cookies.
You need at least 1 manule cooky to start baking cookies.
You can't flip a coin when you're in baking mode.
You're starting to feel a little hungry. Maybe grab a snack soon.
You're starting to feel a little hungry. Maybe grab a snack soon.
You're feeling pretty hungry. You might want to eat something.
You're feeling pretty hungry. You might want to eat something.
You're feeling very full. No need to eat right now.
You're feeling very full. No need to eat right now.
You're feeling very full. No need to eat right now.
You're feeling very full. No need to eat right now.
You're feeling very full. No need to eat right now.
You're feeling very full. No need to eat right now.
You're feeling very full. No need to eat right now.
You're feeling very full. No need to eat right now.
You're feeling very full. No need to eat right now.
You're feeling very full. No need to eat right now.
You're feeling very full. No need to eat right now.
You're feeling very full. No need to eat right now.
You're feeling very full. No need to eat right now.
You're feeling very full. No need to eat right now.
You're feeling very full. No need to eat right now.
You're feeling very full. No need to eat right now.
You're feeling very full. No need to eat right now.
You're feeling very full. No need to eat right now.
You're feeling very full. No need to eat right now.
You're feeling very full. No need to eat right now.
You're feeling very full. No need to eat right now.
You're feeling very full. No need to eat right now.
You're feeling very full. No need to eat right now.
You're starting to feel a little hungry. Maybe grab a snack soon.
You're starting to feel a little hungry. Maybe grab a snack soon.
You're starting to feel a little hungry. Maybe grab a snack soon.
You're starting to feel a little hungry. Maybe grab a snack soon.
You're starting to feel a little hungry. Maybe grab a snack soon.
You're starting to feel a little hungry. Maybe grab a snack soon.
You're starting to feel a little hungry. Maybe grab a snack soon.
You're starting to feel a little hungry. Maybe grab a snack soon.
You're starting to feel a little hungry. Maybe grab a snack soon.
You're starting to feel a little hungry. Maybe grab a snack soon.
You're starting to feel a little hungry. Maybe grab a snack soon.
You're starting to feel a little hungry. Maybe grab a snack soon.
You're starting to feel a little hungry. Maybe grab a snack soon.
You're starting to feel a little hungry. Maybe grab a snack soon.
You're starting to feel a little hungry. Maybe grab a snack soon.
You're starting to feel a little hungry. Maybe grab a snack soon.
You're starting to feel a little hungry. Maybe grab a snack soon.
You're starting to feel a little hungry. Maybe grab a snack soon.
You're starting to feel a little hungry. Maybe grab a snack soon.
You're starting to feel a little hungry. Maybe grab a snack soon.
You're starting to feel a little hungry. Maybe grab a snack soon.
You're starting to feel a little hungry. Maybe grab a snack soon.
You're starting to feel a little hungry. Maybe grab a snack soon.
You're starting to feel a little hungry. Maybe grab a snack soon.
You're starting to feel a little hungry. Maybe grab a snack soon.
You're starting to feel a little hungry. Maybe grab a snack soon.
You're starting to feel a little hungry. Maybe grab a snack soon.
You're starting to feel a little hungry. Maybe grab a snack soon.
You're starting to feel a little hungry. Maybe grab a snack soon.
You're starting to feel a little hungry. Maybe grab a snack soon.
You're starting to feel a little hungry. Maybe grab a snack soon.
You're starting to feel a little hungry. Maybe grab a snack soon.
You're starting to feel a little hungry. Maybe grab a snack soon.
You're starting to feel a little hungry. Maybe grab a snack soon.
You're starting to feel a little hungry. Maybe grab a snack soon.
You need at least 1 manule cooky to start baking cookies.
You're feeling pretty hungry. You might want to eat something.
