Exported on 2/2/2025

You  produce60359cookies per press.
game saved
You're currently rank 793 with 25035408 cookies. Your next rank requires 55152 cookies.
You  produce26843cookies per press.
game saved
You're currently rank 845 with 28437494 cookies. Your next rank requires 55946 cookies.
game saved
You  produce26843cookies per press.
You  produce5177cookies per second.
You're currently rank 906 with 32705531 cookies. Your next rank requires 55469 cookies.
game saved
You  produce26843cookies per press.
You  produce0cookies per second.
You  produce0cookies per press.
You  produce0cookies per second.
You  produce0cookies per press.
game saved
You're currently rank 971 with 37617800 cookies. Your next rank requires 18200 cookies.
You  produce0cookies per press.
You  produce0cookies per second.
You have1008203096coins available to spend
game saved
You  produce2840cookies per press.
game saved
You're currently rank 971 with 37617800 cookies. Your next rank requires 18200 cookies.
You're currently rank 972 with 37654720 cookies. Your next rank requires 58920 cookies.
game saved
You have5074516coins available to spend
You  produce0cookies per press.
You  produce31104cookies per second.
You're currently rank 973 with 37764269 cookies. Your next rank requires 27091 cookies.
You baked a total of 37764269 cookies.
You're currently rank 985 with 38692301 cookies. Your next rank requires 37939 cookies.
You're currently rank 987 with 38860169 cookies. Your next rank requires 27671 cookies.
You  produce55956cookies per press.
You're currently rank 998 with 39698234 cookies. Your next rank requires 62126 cookies.
You're currently rank 1000 with 39887738 cookies. Your next rank requires 32302 cookies.
You  produce112716cookies per press.
game saved
You  produce282193cookies per press.
You have1183008018coins available to spend
You  produce776712cookies per press.
You  produce855588cookies per press.
You  produce855588cookies per press.
You  produce529208cookies every50milliseconds.
You  produce907238cookies per press.
You  produce907238cookies per press.
You  produce940073cookies per press.
You're currently rank 2313 with 213692743 cookies. Your next rank requires 121017 cookies.
You  produce1046671cookies per press.
You have19091840134coins available to spend
game saved
You  produce2991800cookies per press.
You're currently rank 3961 with 627196017 cookies. Your next rank requires 67983 cookies.
You have172507862923coins available to spend
You're currently rank 4709 with 886256918 cookies. Your next rank requires 353642 cookies.
You're currently rank 4860 with 944272620 cookies. Your next rank requires 122620 cookies.
You're currently rank 4871 with 948600115 cookies. Your next rank requires 75885 cookies.
You're currently rank 5091 with 1035931209 cookies. Your next rank requires 392791 cookies.
You're currently rank 5102 with 1040415068 cookies. Your next rank requires 392972 cookies.
You're currently rank 5189 with 1076285940 cookies. Your next rank requires 327820 cookies.
You're currently rank 5200 with 1080769799 cookies. Your next rank requires 414241 cookies.
game saved
You have232821450299coins available to spend
You  produce4483859cookies per press.
You baked a total of 1080769799 cookies.
You  produce4313785cookies every50milliseconds.
You  produce4483859cookies per press.
You're currently rank 5200 with 1080769799 cookies. Your next rank requires 414241 cookies.
Baking mode enabled.
Baking mode disabled.
You  produce4313785cookies every50milliseconds.
Baking mode enabled.
Baking mode disabled.
Baking mode enabled.
Baking mode disabled.
You're currently rank 7907 with 2499895057 cookies. Your next rank requires 298383 cookies.
Baking mode enabled.
Baking mode disabled.
You  produce13509933cookies every50milliseconds.
You  produce15122228cookies per press.
You're currently rank 12012 with 5769924797 cookies. Your next rank requires 640043 cookies.
You're currently rank 12012 with 5769924797 cookies. Your next rank requires 640043 cookies.
You  produce15122228cookies per press.
You have2504092322coins available to spend
You  produce15122991cookies per press.
You have2504092322coins available to spend
You are 100percent hungry.
Baking mode enabled.
Baking mode disabled.
You  produce25468880cookies per press.
You're currently rank 17009 with 11570614001 cookies. Your next rank requires 268559 cookies.
You  produce22273715cookies every50milliseconds.
game saved
You have5430929957677coins available to spend
You  produce25468880cookies per press.
game saved
You're currently rank 17009 with 0 cookies. Your next rank requires 11570882560 cookies.
You baked a total of 0 cookies.
You are 100percent hungry.
You have5430929957677coins available to spend
You baked a total of 25468880 cookies.
You baked a total of 23767980 cookies.
You baked a total of 23767980 cookies.
You baked a total of 23767980 cookies.
